<?xml version="1.0" encoding="UTF-8"?>
<coverage generated="1754678675388" clover="3.2.0">
  <project timestamp="1754678675388" name="All files">
    <metrics statements="66" coveredstatements="65" conditionals="58" coveredconditionals="49" methods="13" coveredmethods="13" elements="137" coveredelements="127" complexity="0" loc="66" ncloc="66" packages="1" files="1" classes="1"/>
    <file name="html-text-extractor.ts" path="/Users/yonica/Dev/audibook-studio/apps/workers/src/text-processing/utils/html-text-extractor.ts">
      <metrics statements="66" coveredstatements="65" conditionals="58" coveredconditionals="49" methods="13" coveredmethods="13"/>
      <line num="17" count="1" type="stmt"/>
      <line num="18" count="39" type="stmt"/>
      <line num="23" count="39" type="cond" truecount="1" falsecount="0"/>
      <line num="24" count="39" type="stmt"/>
      <line num="33" count="33" type="stmt"/>
      <line num="34" count="68" type="stmt"/>
      <line num="37" count="33" type="stmt"/>
      <line num="40" count="33" type="stmt"/>
      <line num="43" count="33" type="stmt"/>
      <line num="46" count="33" type="stmt"/>
      <line num="49" count="33" type="stmt"/>
      <line num="51" count="33" type="stmt"/>
      <line num="52" count="245" type="stmt"/>
      <line num="55" count="245" type="cond" truecount="1" falsecount="0"/>
      <line num="56" count="72" type="stmt"/>
      <line num="61" count="33" type="stmt"/>
      <line num="62" count="72" type="stmt"/>
      <line num="63" count="72" type="cond" truecount="3" falsecount="0"/>
      <line num="64" count="64" type="stmt"/>
      <line num="69" count="33" type="cond" truecount="1" falsecount="0"/>
      <line num="70" count="32" type="stmt"/>
      <line num="72" count="32" type="stmt"/>
      <line num="74" count="10" type="stmt"/>
      <line num="75" count="10" type="cond" truecount="1" falsecount="0"/>
      <line num="76" count="3" type="stmt"/>
      <line num="77" count="3" type="cond" truecount="3" falsecount="0"/>
      <line num="78" count="3" type="stmt"/>
      <line num="85" count="33" type="cond" truecount="1" falsecount="0"/>
      <line num="86" count="4" type="cond" truecount="6" falsecount="2"/>
      <line num="87" count="4" type="cond" truecount="3" falsecount="0"/>
      <line num="88" count="1" type="stmt"/>
      <line num="92" count="33" type="stmt"/>
      <line num="100" count="3" type="stmt"/>
      <line num="101" count="3" type="stmt"/>
      <line num="111" count="75" type="cond" truecount="4" falsecount="2"/>
      <line num="117" count="75" type="stmt"/>
      <line num="122" count="108" type="cond" truecount="3" falsecount="1"/>
      <line num="123" count="108" type="cond" truecount="3" falsecount="0"/>
      <line num="124" count="14" type="stmt"/>
      <line num="128" count="94" type="stmt"/>
      <line num="129" count="94" type="cond" truecount="2" falsecount="0"/>
      <line num="130" count="26" type="cond" truecount="1" falsecount="0"/>
      <line num="132" count="13" type="cond" truecount="1" falsecount="0"/>
      <line num="133" count="7" type="stmt"/>
      <line num="135" count="6" type="stmt"/>
      <line num="137" count="13" type="stmt"/>
      <line num="140" count="87" type="stmt"/>
      <line num="145" count="75" type="stmt"/>
      <line num="147" count="75" type="stmt"/>
      <line num="148" count="87" type="cond" truecount="3" falsecount="1"/>
      <line num="149" count="87" type="cond" truecount="1" falsecount="0"/>
      <line num="150" count="87" type="cond" truecount="2" falsecount="0"/>
      <line num="154" count="75" type="stmt"/>
      <line num="162" count="13" type="cond" truecount="3" falsecount="1"/>
      <line num="163" count="13" type="cond" truecount="0" falsecount="1"/>
      <line num="164" count="0" type="stmt"/>
      <line num="168" count="13" type="stmt"/>
      <line num="169" count="13" type="cond" truecount="1" falsecount="0"/>
      <line num="171" count="6" type="stmt"/>
      <line num="172" count="6" type="cond" truecount="3" falsecount="1"/>
      <line num="173" count="6" type="stmt"/>
      <line num="176" count="6" type="cond" truecount="1" falsecount="0"/>
      <line num="178" count="6" type="stmt"/>
      <line num="183" count="7" type="cond" truecount="1" falsecount="0"/>
      <line num="184" count="1" type="stmt"/>
      <line num="188" count="6" type="stmt"/>
    </file>
  </project>
</coverage>
