{"/Users/yonica/Dev/audibook-studio/apps/workers/src/text-processing/utils/html-text-extractor.ts": {"path":"/Users/yonica/Dev/audibook-studio/apps/workers/src/text-processing/utils/html-text-extractor.ts","statementMap":{"0":{"start":{"line":23,"column":22},"end":{"line":23,"column":59}},"1":{"start":{"line":18,"column":19},"end":{"line":21,"column":4}},"2":{"start":{"line":24,"column":4},"end":{"line":24,"column":58}},"3":{"start":{"line":33,"column":4},"end":{"line":35,"column":7}},"4":{"start":{"line":34,"column":6},"end":{"line":34,"column":70}},"5":{"start":{"line":34,"column":57},"end":{"line":34,"column":68}},"6":{"start":{"line":37,"column":33},"end":{"line":37,"column":35}},"7":{"start":{"line":40,"column":30},"end":{"line":40,"column":102}},"8":{"start":{"line":43,"column":27},"end":{"line":43,"column":54}},"9":{"start":{"line":46,"column":26},"end":{"line":46,"column":70}},"10":{"start":{"line":49,"column":41},"end":{"line":49,"column":43}},"11":{"start":{"line":51,"column":4},"end":{"line":58,"column":7}},"12":{"start":{"line":52,"column":37},"end":{"line":52,"column":77}},"13":{"start":{"line":55,"column":6},"end":{"line":57,"column":7}},"14":{"start":{"line":56,"column":8},"end":{"line":56,"column":40}},"15":{"start":{"line":61,"column":4},"end":{"line":66,"column":7}},"16":{"start":{"line":62,"column":26},"end":{"line":62,"column":72}},"17":{"start":{"line":63,"column":6},"end":{"line":65,"column":7}},"18":{"start":{"line":64,"column":8},"end":{"line":64,"column":44}},"19":{"start":{"line":69,"column":4},"end":{"line":82,"column":5}},"20":{"start":{"line":70,"column":33},"end":{"line":70,"column":74}},"21":{"start":{"line":72,"column":6},"end":{"line":81,"column":9}},"22":{"start":{"line":74,"column":32},"end":{"line":74,"column":66}},"23":{"start":{"line":75,"column":8},"end":{"line":80,"column":9}},"24":{"start":{"line":76,"column":30},"end":{"line":76,"column":76}},"25":{"start":{"line":77,"column":10},"end":{"line":79,"column":11}},"26":{"start":{"line":78,"column":12},"end":{"line":78,"column":48}},"27":{"start":{"line":85,"column":4},"end":{"line":90,"column":5}},"28":{"start":{"line":86,"column":23},"end":{"line":86,"column":57}},"29":{"start":{"line":87,"column":6},"end":{"line":89,"column":7}},"30":{"start":{"line":88,"column":8},"end":{"line":88,"column":34}},"31":{"start":{"line":92,"column":4},"end":{"line":92,"column":22}},"32":{"start":{"line":100,"column":23},"end":{"line":100,"column":55}},"33":{"start":{"line":101,"column":4},"end":{"line":101,"column":42}},"34":{"start":{"line":111,"column":23},"end":{"line":115,"column":6}},"35":{"start":{"line":117,"column":19},"end":{"line":142,"column":null}},"36":{"start":{"line":122,"column":23},"end":{"line":122,"column":47}},"37":{"start":{"line":123,"column":10},"end":{"line":125,"column":11}},"38":{"start":{"line":124,"column":12},"end":{"line":124,"column":42}},"39":{"start":{"line":128,"column":23},"end":{"line":128,"column":41}},"40":{"start":{"line":129,"column":10},"end":{"line":138,"column":11}},"41":{"start":{"line":130,"column":12},"end":{"line":136,"column":13}},"42":{"start":{"line":132,"column":14},"end":{"line":134,"column":15}},"43":{"start":{"line":133,"column":16},"end":{"line":133,"column":46}},"44":{"start":{"line":135,"column":14},"end":{"line":135,"column":20}},"45":{"start":{"line":137,"column":12},"end":{"line":137,"column":42}},"46":{"start":{"line":140,"column":10},"end":{"line":140,"column":42}},"47":{"start":{"line":145,"column":22},"end":{"line":145,"column":24}},"48":{"start":{"line":147,"column":4},"end":{"line":152,"column":5}},"49":{"start":{"line":148,"column":23},"end":{"line":148,"column":47}},"50":{"start":{"line":149,"column":6},"end":{"line":151,"column":7}},"51":{"start":{"line":150,"column":8},"end":{"line":150,"column":59}},"52":{"start":{"line":154,"column":4},"end":{"line":154,"column":30}},"53":{"start":{"line":162,"column":24},"end":{"line":162,"column":50}},"54":{"start":{"line":163,"column":4},"end":{"line":165,"column":5}},"55":{"start":{"line":164,"column":6},"end":{"line":164,"column":18}},"56":{"start":{"line":168,"column":24},"end":{"line":168,"column":54}},"57":{"start":{"line":169,"column":4},"end":{"line":180,"column":5}},"58":{"start":{"line":171,"column":22},"end":{"line":174,"column":17}},"59":{"start":{"line":172,"column":20},"end":{"line":172,"column":44}},"60":{"start":{"line":173,"column":24},"end":{"line":173,"column":28}},"61":{"start":{"line":176,"column":6},"end":{"line":179,"column":7}},"62":{"start":{"line":178,"column":8},"end":{"line":178,"column":41}},"63":{"start":{"line":183,"column":4},"end":{"line":185,"column":5}},"64":{"start":{"line":184,"column":6},"end":{"line":184,"column":18}},"65":{"start":{"line":188,"column":4},"end":{"line":188,"column":17}},"66":{"start":{"line":17,"column":0},"end":{"line":17,"column":13}}},"fnMap":{"0":{"name":"(anonymous_0)","decl":{"start":{"line":23,"column":2},"end":{"line":23,"column":22}},"loc":{"start":{"line":23,"column":61},"end":{"line":25,"column":3}}},"1":{"name":"(anonymous_1)","decl":{"start":{"line":31,"column":2},"end":{"line":31,"column":19}},"loc":{"start":{"line":31,"column":38},"end":{"line":93,"column":3}}},"2":{"name":"(anonymous_2)","decl":{"start":{"line":33,"column":41},"end":{"line":33,"column":48}},"loc":{"start":{"line":33,"column":51},"end":{"line":35,"column":5}}},"3":{"name":"(anonymous_3)","decl":{"start":{"line":34,"column":49},"end":{"line":34,"column":50}},"loc":{"start":{"line":34,"column":57},"end":{"line":34,"column":68}}},"4":{"name":"(anonymous_4)","decl":{"start":{"line":51,"column":26},"end":{"line":51,"column":27}},"loc":{"start":{"line":51,"column":38},"end":{"line":58,"column":5}}},"5":{"name":"(anonymous_5)","decl":{"start":{"line":61,"column":30},"end":{"line":61,"column":31}},"loc":{"start":{"line":61,"column":42},"end":{"line":66,"column":5}}},"6":{"name":"(anonymous_6)","decl":{"start":{"line":72,"column":33},"end":{"line":72,"column":34}},"loc":{"start":{"line":72,"column":45},"end":{"line":81,"column":7}}},"7":{"name":"(anonymous_7)","decl":{"start":{"line":99,"column":2},"end":{"line":99,"column":17}},"loc":{"start":{"line":99,"column":36},"end":{"line":102,"column":3}}},"8":{"name":"(anonymous_8)","decl":{"start":{"line":109,"column":10},"end":{"line":109,"column":32}},"loc":{"start":{"line":109,"column":69},"end":{"line":155,"column":3}}},"9":{"name":"(anonymous_9)","decl":{"start":{"line":121,"column":20},"end":{"line":121,"column":21}},"loc":{"start":{"line":121,"column":35},"end":{"line":141,"column":9}}},"10":{"name":"(anonymous_10)","decl":{"start":{"line":161,"column":10},"end":{"line":161,"column":27}},"loc":{"start":{"line":161,"column":43},"end":{"line":189,"column":3}}},"11":{"name":"(anonymous_11)","decl":{"start":{"line":172,"column":13},"end":{"line":172,"column":16}},"loc":{"start":{"line":172,"column":19},"end":{"line":172,"column":44}}},"12":{"name":"(anonymous_12)","decl":{"start":{"line":173,"column":16},"end":{"line":173,"column":20}},"loc":{"start":{"line":173,"column":24},"end":{"line":173,"column":28}}}},"branchMap":{"0":{"loc":{"start":{"line":23,"column":22},"end":{"line":23,"column":61}},"type":"default-arg","locations":[{"start":{"line":23,"column":59},"end":{"line":23,"column":61}}]},"1":{"loc":{"start":{"line":55,"column":6},"end":{"line":57,"column":7}},"type":"if","locations":[{"start":{"line":55,"column":6},"end":{"line":57,"column":7}}]},"2":{"loc":{"start":{"line":63,"column":6},"end":{"line":65,"column":7}},"type":"if","locations":[{"start":{"line":63,"column":6},"end":{"line":65,"column":7}}]},"3":{"loc":{"start":{"line":63,"column":10},"end":{"line":63,"column":43}},"type":"binary-expr","locations":[{"start":{"line":63,"column":10},"end":{"line":63,"column":21}},{"start":{"line":63,"column":25},"end":{"line":63,"column":43}}]},"4":{"loc":{"start":{"line":69,"column":4},"end":{"line":82,"column":5}},"type":"if","locations":[{"start":{"line":69,"column":4},"end":{"line":82,"column":5}}]},"5":{"loc":{"start":{"line":75,"column":8},"end":{"line":80,"column":9}},"type":"if","locations":[{"start":{"line":75,"column":8},"end":{"line":80,"column":9}}]},"6":{"loc":{"start":{"line":77,"column":10},"end":{"line":79,"column":11}},"type":"if","locations":[{"start":{"line":77,"column":10},"end":{"line":79,"column":11}}]},"7":{"loc":{"start":{"line":77,"column":14},"end":{"line":77,"column":47}},"type":"binary-expr","locations":[{"start":{"line":77,"column":14},"end":{"line":77,"column":25}},{"start":{"line":77,"column":29},"end":{"line":77,"column":47}}]},"8":{"loc":{"start":{"line":85,"column":4},"end":{"line":90,"column":5}},"type":"if","locations":[{"start":{"line":85,"column":4},"end":{"line":90,"column":5}}]},"9":{"loc":{"start":{"line":86,"column":23},"end":{"line":86,"column":57}},"type":"cond-expr","locations":[{"start":{"line":86,"column":49},"end":{"line":86,"column":51}},{"start":{"line":86,"column":49},"end":{"line":86,"column":57}}]},"10":{"loc":{"start":{"line":86,"column":23},"end":{"line":86,"column":51}},"type":"binary-expr","locations":[{"start":{"line":86,"column":23},"end":{"line":86,"column":51}},{"start":{"line":86,"column":49},"end":{"line":86,"column":51}}]},"11":{"loc":{"start":{"line":86,"column":23},"end":{"line":86,"column":49}},"type":"cond-expr","locations":[{"start":{"line":86,"column":36},"end":{"line":86,"column":38}},{"start":{"line":86,"column":36},"end":{"line":86,"column":49}}]},"12":{"loc":{"start":{"line":86,"column":23},"end":{"line":86,"column":38}},"type":"binary-expr","locations":[{"start":{"line":86,"column":23},"end":{"line":86,"column":38}},{"start":{"line":86,"column":36},"end":{"line":86,"column":38}}]},"13":{"loc":{"start":{"line":87,"column":6},"end":{"line":89,"column":7}},"type":"if","locations":[{"start":{"line":87,"column":6},"end":{"line":89,"column":7}}]},"14":{"loc":{"start":{"line":87,"column":10},"end":{"line":87,"column":37}},"type":"binary-expr","locations":[{"start":{"line":87,"column":10},"end":{"line":87,"column":18}},{"start":{"line":87,"column":22},"end":{"line":87,"column":37}}]},"15":{"loc":{"start":{"line":111,"column":23},"end":{"line":115,"column":6}},"type":"binary-expr","locations":[{"start":{"line":111,"column":23},"end":{"line":111,"column":55}},{"start":{"line":111,"column":59},"end":{"line":115,"column":6}}]},"16":{"loc":{"start":{"line":111,"column":23},"end":{"line":111,"column":55}},"type":"cond-expr","locations":[{"start":{"line":111,"column":43},"end":{"line":111,"column":45}},{"start":{"line":111,"column":43},"end":{"line":111,"column":55}}]},"17":{"loc":{"start":{"line":111,"column":23},"end":{"line":111,"column":45}},"type":"binary-expr","locations":[{"start":{"line":111,"column":23},"end":{"line":111,"column":45}},{"start":{"line":111,"column":43},"end":{"line":111,"column":45}}]},"18":{"loc":{"start":{"line":122,"column":23},"end":{"line":122,"column":47}},"type":"cond-expr","locations":[{"start":{"line":122,"column":39},"end":{"line":122,"column":41}},{"start":{"line":122,"column":39},"end":{"line":122,"column":47}}]},"19":{"loc":{"start":{"line":122,"column":23},"end":{"line":122,"column":41}},"type":"binary-expr","locations":[{"start":{"line":122,"column":23},"end":{"line":122,"column":41}},{"start":{"line":122,"column":39},"end":{"line":122,"column":41}}]},"20":{"loc":{"start":{"line":123,"column":10},"end":{"line":125,"column":11}},"type":"if","locations":[{"start":{"line":123,"column":10},"end":{"line":125,"column":11}}]},"21":{"loc":{"start":{"line":123,"column":14},"end":{"line":123,"column":40}},"type":"binary-expr","locations":[{"start":{"line":123,"column":14},"end":{"line":123,"column":19}},{"start":{"line":123,"column":23},"end":{"line":123,"column":40}}]},"22":{"loc":{"start":{"line":129,"column":17},"end":{"line":129,"column":45}},"type":"binary-expr","locations":[{"start":{"line":129,"column":17},"end":{"line":129,"column":23}},{"start":{"line":129,"column":27},"end":{"line":129,"column":45}}]},"23":{"loc":{"start":{"line":130,"column":12},"end":{"line":136,"column":13}},"type":"if","locations":[{"start":{"line":130,"column":12},"end":{"line":136,"column":13}}]},"24":{"loc":{"start":{"line":132,"column":14},"end":{"line":134,"column":15}},"type":"if","locations":[{"start":{"line":132,"column":14},"end":{"line":134,"column":15}}]},"25":{"loc":{"start":{"line":148,"column":23},"end":{"line":148,"column":47}},"type":"cond-expr","locations":[{"start":{"line":148,"column":39},"end":{"line":148,"column":41}},{"start":{"line":148,"column":39},"end":{"line":148,"column":47}}]},"26":{"loc":{"start":{"line":148,"column":23},"end":{"line":148,"column":41}},"type":"binary-expr","locations":[{"start":{"line":148,"column":23},"end":{"line":148,"column":41}},{"start":{"line":148,"column":39},"end":{"line":148,"column":41}}]},"27":{"loc":{"start":{"line":149,"column":6},"end":{"line":151,"column":7}},"type":"if","locations":[{"start":{"line":149,"column":6},"end":{"line":151,"column":7}}]},"28":{"loc":{"start":{"line":150,"column":24},"end":{"line":150,"column":46}},"type":"cond-expr","locations":[{"start":{"line":150,"column":38},"end":{"line":150,"column":41}},{"start":{"line":150,"column":44},"end":{"line":150,"column":46}}]},"29":{"loc":{"start":{"line":162,"column":24},"end":{"line":162,"column":50}},"type":"cond-expr","locations":[{"start":{"line":162,"column":42},"end":{"line":162,"column":44}},{"start":{"line":162,"column":42},"end":{"line":162,"column":50}}]},"30":{"loc":{"start":{"line":162,"column":24},"end":{"line":162,"column":44}},"type":"binary-expr","locations":[{"start":{"line":162,"column":24},"end":{"line":162,"column":44}},{"start":{"line":162,"column":42},"end":{"line":162,"column":44}}]},"31":{"loc":{"start":{"line":163,"column":4},"end":{"line":165,"column":5}},"type":"if","locations":[{"start":{"line":163,"column":4},"end":{"line":165,"column":5}}]},"32":{"loc":{"start":{"line":169,"column":4},"end":{"line":180,"column":5}},"type":"if","locations":[{"start":{"line":169,"column":4},"end":{"line":180,"column":5}}]},"33":{"loc":{"start":{"line":172,"column":20},"end":{"line":172,"column":43}},"type":"cond-expr","locations":[{"start":{"line":172,"column":35},"end":{"line":172,"column":37}},{"start":{"line":172,"column":35},"end":{"line":172,"column":43}}]},"34":{"loc":{"start":{"line":172,"column":20},"end":{"line":172,"column":37}},"type":"binary-expr","locations":[{"start":{"line":172,"column":20},"end":{"line":172,"column":37}},{"start":{"line":172,"column":35},"end":{"line":172,"column":37}}]},"35":{"loc":{"start":{"line":176,"column":6},"end":{"line":179,"column":7}},"type":"if","locations":[{"start":{"line":176,"column":6},"end":{"line":179,"column":7}}]},"36":{"loc":{"start":{"line":183,"column":4},"end":{"line":185,"column":5}},"type":"if","locations":[{"start":{"line":183,"column":4},"end":{"line":185,"column":5}}]}},"s":{"0":39,"1":39,"2":39,"3":33,"4":68,"5":8,"6":33,"7":33,"8":33,"9":33,"10":33,"11":33,"12":245,"13":245,"14":72,"15":33,"16":72,"17":72,"18":64,"19":33,"20":32,"21":32,"22":10,"23":10,"24":3,"25":3,"26":3,"27":33,"28":4,"29":4,"30":1,"31":33,"32":3,"33":3,"34":75,"35":75,"36":108,"37":108,"38":14,"39":94,"40":94,"41":26,"42":13,"43":7,"44":6,"45":13,"46":87,"47":75,"48":75,"49":87,"50":87,"51":87,"52":75,"53":13,"54":13,"55":0,"56":13,"57":13,"58":6,"59":6,"60":6,"61":6,"62":6,"63":7,"64":1,"65":6,"66":1},"f":{"0":39,"1":33,"2":68,"3":8,"4":245,"5":72,"6":10,"7":3,"8":75,"9":108,"10":13,"11":6,"12":6},"b":{"0":[34],"1":[72],"2":[64],"3":[72,64],"4":[32],"5":[3],"6":[3],"7":[3,3],"8":[4],"9":[0,4],"10":[4,4],"11":[0,4],"12":[4,4],"13":[1],"14":[4,1],"15":[75,0],"16":[0,75],"17":[75,75],"18":[0,108],"19":[108,108],"20":[14],"21":[108,94],"22":[107,107],"23":[13],"24":[7],"25":[0,87],"26":[87,87],"27":[87],"28":[20,67],"29":[0,13],"30":[13,13],"31":[0],"32":[6],"33":[0,6],"34":[6,6],"35":[6],"36":[1]}}
}
