TN:
SF:apps/workers/src/text-processing/utils/html-text-extractor.ts
FN:23,(anonymous_0)
FN:31,(anonymous_1)
FN:33,(anonymous_2)
FN:34,(anonymous_3)
FN:51,(anonymous_4)
FN:61,(anonymous_5)
FN:72,(anonymous_6)
FN:99,(anonymous_7)
FN:109,(anonymous_8)
FN:121,(anonymous_9)
FN:161,(anonymous_10)
FN:172,(anonymous_11)
FN:173,(anonymous_12)
FNF:13
FNH:13
FNDA:39,(anonymous_0)
FNDA:33,(anonymous_1)
FNDA:68,(anonymous_2)
FNDA:8,(anonymous_3)
FNDA:245,(anonymous_4)
FNDA:72,(anonymous_5)
FNDA:10,(anonymous_6)
FNDA:3,(anonymous_7)
FNDA:75,(anonymous_8)
FNDA:108,(anonymous_9)
FNDA:13,(anonymous_10)
FNDA:6,(anonymous_11)
FNDA:6,(anonymous_12)
DA:17,1
DA:18,39
DA:23,39
DA:24,39
DA:33,33
DA:34,68
DA:37,33
DA:40,33
DA:43,33
DA:46,33
DA:49,33
DA:51,33
DA:52,245
DA:55,245
DA:56,72
DA:61,33
DA:62,72
DA:63,72
DA:64,64
DA:69,33
DA:70,32
DA:72,32
DA:74,10
DA:75,10
DA:76,3
DA:77,3
DA:78,3
DA:85,33
DA:86,4
DA:87,4
DA:88,1
DA:92,33
DA:100,3
DA:101,3
DA:111,75
DA:117,75
DA:122,108
DA:123,108
DA:124,14
DA:128,94
DA:129,94
DA:130,26
DA:132,13
DA:133,7
DA:135,6
DA:137,13
DA:140,87
DA:145,75
DA:147,75
DA:148,87
DA:149,87
DA:150,87
DA:154,75
DA:162,13
DA:163,13
DA:164,0
DA:168,13
DA:169,13
DA:171,6
DA:172,6
DA:173,6
DA:176,6
DA:178,6
DA:183,7
DA:184,1
DA:188,6
LF:66
LH:65
BRDA:23,0,0,34
BRDA:55,1,0,72
BRDA:63,2,0,64
BRDA:63,3,0,72
BRDA:63,3,1,64
BRDA:69,4,0,32
BRDA:75,5,0,3
BRDA:77,6,0,3
BRDA:77,7,0,3
BRDA:77,7,1,3
BRDA:85,8,0,4
BRDA:86,9,0,0
BRDA:86,9,1,4
BRDA:86,10,0,4
BRDA:86,10,1,4
BRDA:86,11,0,0
BRDA:86,11,1,4
BRDA:86,12,0,4
BRDA:86,12,1,4
BRDA:87,13,0,1
BRDA:87,14,0,4
BRDA:87,14,1,1
BRDA:111,15,0,75
BRDA:111,15,1,0
BRDA:111,16,0,0
BRDA:111,16,1,75
BRDA:111,17,0,75
BRDA:111,17,1,75
BRDA:122,18,0,0
BRDA:122,18,1,108
BRDA:122,19,0,108
BRDA:122,19,1,108
BRDA:123,20,0,14
BRDA:123,21,0,108
BRDA:123,21,1,94
BRDA:129,22,0,107
BRDA:129,22,1,107
BRDA:130,23,0,13
BRDA:132,24,0,7
BRDA:148,25,0,0
BRDA:148,25,1,87
BRDA:148,26,0,87
BRDA:148,26,1,87
BRDA:149,27,0,87
BRDA:150,28,0,20
BRDA:150,28,1,67
BRDA:162,29,0,0
BRDA:162,29,1,13
BRDA:162,30,0,13
BRDA:162,30,1,13
BRDA:163,31,0,0
BRDA:169,32,0,6
BRDA:172,33,0,0
BRDA:172,33,1,6
BRDA:172,34,0,6
BRDA:172,34,1,6
BRDA:176,35,0,6
BRDA:183,36,0,1
BRF:58
BRH:49
end_of_record
